<?xml version="1.0" encoding="UTF-8"?>
<!-- Generated by org.testng.reporters.JUnitReportReporter -->
<testsuite name="com.flipkart.Test.FlipkartTestSteps" tests="1" time="47.794" ignored="0" failures="0" timestamp="03 May 2017 09:54:33 GMT" skipped="1" hostname="ICPL11544" errors="0">
  <testcase name="search" time="47.794" classname="com.flipkart.Test.FlipkartTestSteps">
    <skipped/>
  </testcase> <!-- search -->
</testsuite> <!-- com.flipkart.Test.FlipkartTestSteps -->
