<?xml version="1.0" encoding="UTF-8"?>
<!-- Generated by org.testng.reporters.JUnitReportReporter -->
<testsuite name="com.flipkart_main.Step.FlipkartTestSteps" tests="1" time="110.582" ignored="0" failures="0" timestamp="23 May 2017 06:17:49 GMT" skipped="0" hostname="ICPL11544" errors="1">
  <testcase name="search" time="110.582" classname="com.flipkart_main.Step.FlipkartTestSteps">
    <error/>
  </testcase> <!-- search -->
</testsuite> <!-- com.flipkart_main.Step.FlipkartTestSteps -->
